2024-10-14 04:19:31,783 - masks - DEBUG: Получен номер карты
2024-10-14 04:19:31,798 - masks - DEBUG: Маска номера карты: 7000 79** **** 6361
2024-10-14 04:19:31,798 - masks - INFO: Маска номера карты сгенерирована успешно
2024-10-14 04:19:31,800 - masks - DEBUG: Получен номер карты
2024-10-14 04:19:31,800 - masks - DEBUG: Маска номера карты: 5443 68** **** 6600
2024-10-14 04:19:31,802 - masks - INFO: Маска номера карты сгенерирована успешно
2024-10-14 04:19:31,804 - masks - DEBUG: Получен номер счета
2024-10-14 04:19:31,804 - masks - DEBUG: Маска номера счета: **4305
2024-10-14 04:19:31,804 - masks - INFO: Маска номера счета сгенерирована успешно
2024-10-14 04:19:31,806 - masks - DEBUG: Получен номер счета
2024-10-14 04:19:31,806 - masks - DEBUG: Маска номера счета: **1000
2024-10-14 04:19:31,806 - masks - INFO: Маска номера счета сгенерирована успешно
2024-10-14 04:19:31,808 - masks - DEBUG: Получен номер карты
2024-10-14 04:19:31,808 - masks - ERROR: Validation Error: Некорректная длина номера карты (19 вместо 16).
2024-10-14 04:19:31,809 - masks - DEBUG: Получен номер карты
2024-10-14 04:19:31,809 - masks - ERROR: Validation Error: Номер карты имеет нечисловые символы или пробелы
2024-10-14 04:19:31,812 - masks - DEBUG: Получен номер счета
2024-10-14 04:19:31,812 - masks - ERROR: Validation Error: Некорректная длина номера счета (18 вместо 20).
2024-10-14 04:19:31,813 - masks - DEBUG: Получен номер счета
2024-10-14 04:19:31,814 - masks - ERROR: Validation Error: Номер счета имеет нечисловые символы или пробелы
2024-10-14 04:19:31,815 - masks - DEBUG: Получен номер карты
2024-10-14 04:19:31,815 - masks - ERROR: Validation Error: Номер карты имеет нечисловые символы или пробелы
2024-10-14 04:19:31,817 - masks - DEBUG: Получен номер счета
2024-10-14 04:19:31,817 - masks - ERROR: Validation Error: Номер счета имеет нечисловые символы или пробелы
2024-10-14 04:19:31,861 - masks - DEBUG: Получен номер карты
2024-10-14 04:19:31,861 - masks - DEBUG: Маска номера карты: 1596 83** **** 5199
2024-10-14 04:19:31,861 - masks - INFO: Маска номера карты сгенерирована успешно
2024-10-14 04:19:31,861 - masks - DEBUG: Получен номер счета
2024-10-14 04:19:31,861 - masks - DEBUG: Маска номера счета: **9589
2024-10-14 04:19:31,861 - masks - INFO: Маска номера счета сгенерирована успешно
2024-10-14 04:19:31,861 - masks - DEBUG: Получен номер карты
2024-10-14 04:19:31,861 - masks - DEBUG: Маска номера карты: 7158 30** **** 6758
2024-10-14 04:19:31,861 - masks - INFO: Маска номера карты сгенерирована успешно
2024-10-14 04:19:31,861 - masks - DEBUG: Получен номер счета
2024-10-14 04:19:31,861 - masks - DEBUG: Маска номера счета: **5560
2024-10-14 04:19:31,861 - masks - INFO: Маска номера счета сгенерирована успешно
2024-10-14 04:19:31,861 - masks - DEBUG: Получен номер карты
2024-10-14 04:19:31,861 - masks - DEBUG: Маска номера карты: 6831 98** **** 7658
2024-10-14 04:19:31,861 - masks - INFO: Маска номера карты сгенерирована успешно
2024-10-14 04:19:31,877 - masks - DEBUG: Получен номер карты
2024-10-14 04:19:31,877 - masks - DEBUG: Маска номера карты: 8990 92** **** 5229
2024-10-14 04:19:31,877 - masks - INFO: Маска номера карты сгенерирована успешно
2024-10-14 04:19:31,877 - masks - DEBUG: Получен номер карты
2024-10-14 04:19:31,877 - masks - DEBUG: Маска номера карты: 5999 41** **** 6353
2024-10-14 04:19:31,877 - masks - INFO: Маска номера карты сгенерирована успешно
2024-10-14 04:19:31,877 - masks - DEBUG: Получен номер счета
2024-10-14 04:19:31,877 - masks - DEBUG: Маска номера счета: **4305
2024-10-14 04:19:31,877 - masks - INFO: Маска номера счета сгенерирована успешно
